<?xml version="1.0" encoding="UTF-8"?>
<!-- Generated by org.testng.reporters.JUnitReportReporter -->
<testsuite skipped="0" hostname="DESKTOP-VC300A3" name="seleniumtests.MyTest" tests="4" failures="0" timestamp="2021-01-25T06:11:09 GMT" time="44.268" errors="0">
  <testcase name="check_twitterLink" time="11.149" classname="seleniumtests.MyTest"/>
  <system-out/>
  <testcase name="check_linkedinLink" time="10.421" classname="seleniumtests.MyTest"/>
  <system-out/>
  <testcase name="check_SolutionsLink" time="13.003" classname="seleniumtests.MyTest"/>
  <system-out/>
  <testcase name="check_LocationLink" time="9.695" classname="seleniumtests.MyTest"/>
  <system-out/>
</testsuite> <!-- seleniumtests.MyTest -->
